\BOOKMARK [0][-]{chapter.1}{Wstep}{}% 1
\BOOKMARK [1][-]{section.1.1}{Cel pracy}{chapter.1}% 2
\BOOKMARK [1][-]{section.1.2}{Za\233ozenia projektu}{chapter.1}% 3
\BOOKMARK [0][-]{chapter.2}{Podstawa Teoretyczna}{}% 4
\BOOKMARK [1][-]{section.2.1}{Wirtualizacja}{chapter.2}% 5
\BOOKMARK [2][-]{subsection.2.1.1}{Poziom architektury zestawu instrukcji \(ISA\)}{section.2.1}% 6
\BOOKMARK [2][-]{subsection.2.1.2}{Poziom warstwy abstrakcji sprzetowej \(HAL\)}{section.2.1}% 7
\BOOKMARK [2][-]{subsection.2.1.3}{Poziom systemu operacyjnego}{section.2.1}% 8
\BOOKMARK [2][-]{subsection.2.1.4}{Poziom bibliotek lub jezyk\363w programownia}{section.2.1}% 9
\BOOKMARK [2][-]{subsection.2.1.5}{Poziom aplikacji}{section.2.1}% 10
\BOOKMARK [1][-]{section.2.2}{Hipernadzorca}{chapter.2}% 11
\BOOKMARK [2][-]{subsection.2.2.1}{Hipernadzorca typu pierwszego}{section.2.2}% 12
\BOOKMARK [2][-]{subsection.2.2.2}{Hipernadzorca typu drugiego}{section.2.2}% 13
\BOOKMARK [1][-]{section.2.3}{Konteneryzacja}{chapter.2}% 14
\BOOKMARK [0][-]{chapter.3}{Za\233ozenia projektowe}{}% 15
\BOOKMARK [1][-]{section.3.1}{Architektura wejsciowa serwis\363w}{chapter.3}% 16
\BOOKMARK [2][-]{subsection.3.1.1}{Platforma systemu serwerowego}{section.3.1}% 17
\BOOKMARK [2][-]{subsection.3.1.2}{Wizualizaja platformy wejsciowej}{section.3.1}% 18
\BOOKMARK [1][-]{section.3.2}{Architektura docelowa serwis\363w}{chapter.3}% 19
\BOOKMARK [0][-]{chapter.4}{Opis przyk\233adowych aplikacji}{}% 20
\BOOKMARK [1][-]{section.4.1}{Opis}{chapter.4}% 21
\BOOKMARK [1][-]{section.4.2}{Srodowisko projektowe i wymagania aplikacji}{chapter.4}% 22
\BOOKMARK [1][-]{section.4.3}{Dzia\233anie i powiazania zbioru kontener\363w}{chapter.4}% 23
\BOOKMARK [1][-]{section.4.4}{Zrealizowane pliki dockerfile}{chapter.4}% 24
\BOOKMARK [0][-]{chapter.5}{Wdrozenie przyk\233adowych oraz rzeczywistych serwis\363w wydzia\233owego systemu informatycznego}{}% 25
\BOOKMARK [1][-]{section.5.1}{Wdrozenie przyk\233adowych aplikacji}{chapter.5}% 26
\BOOKMARK [1][-]{section.5.2}{Wdrozenie rzeczywistych serwis\363w wydzia\233owego systemu informatycznego}{chapter.5}% 27
\BOOKMARK [0][-]{chapter.6}{Wnioski}{}% 28
\BOOKMARK [0][-]{chapter.7}{Kod zr\363d\233owy}{}% 29
\BOOKMARK [1][-]{section.7.1}{Repozytorium}{chapter.7}% 30
\BOOKMARK [1][-]{section.7.2}{Do\233aczona p\233yta CD}{chapter.7}% 31
\BOOKMARK [1][-]{section.7.3}{Kod os\363b trzecich}{chapter.7}% 32
